      1   2.62107223E-04   2.62107223E-04   4.13617892E+02 0
      2   5.24204395E-04   2.62097172E-04   3.87655094E+02 0
      3   7.86291851E-04   2.62087456E-04   3.62321515E+02 0
      1   2.62107223E-04   2.62107223E-04   4.13617892E+02 0
      2   5.24204395E-04   2.62097172E-04   3.87655094E+02 0
      3   7.86291851E-04   2.62087456E-04   3.62321515E+02 0
      4   1.04836990E-03   2.62078053E-04   3.37797385E+02 0
      5   1.31043885E-03   2.62068943E-04   3.14237243E+02 0
      6   1.57249895E-03   2.62060107E-04   2.91774992E+02 0
      7   1.83455048E-03   2.62051529E-04   2.70542901E+02 0
      8   2.09659368E-03   2.62043197E-04   2.50650698E+02 0
      9   2.35862878E-03   2.62035101E-04   2.32184517E+02 0
     10   2.62065602E-03   2.62027236E-04   2.15688749E+02 0
     11   2.88267561E-03   2.62019595E-04   2.08462663E+02 0
     12   3.14468779E-03   2.62012174E-04   2.04930462E+02 0
     13   3.40669276E-03   2.62004970E-04   2.02114610E+02 0
     14   3.66869074E-03   2.61997982E-04   1.99740073E+02 0
     15   3.93068195E-03   2.61991208E-04   1.97553612E+02 0
     16   4.19266659E-03   2.61984647E-04   1.95360915E+02 0
     17   4.45464489E-03   2.61978299E-04   1.93026508E+02 0
     18   4.71661705E-03   2.61972162E-04   1.90461501E+02 0
     19   4.97858329E-03   2.61966237E-04   1.87604138E+02 0
     20   5.24054381E-03   2.61960523E-04   1.84416575E+02 0
     21   5.50249884E-03   2.61955021E-04   1.80891489E+02 0
     22   5.71428571E-03   2.11786879E-04   1.77063471E+02 0
     23   5.97623132E-03   2.61945605E-04   1.73832208E+02 0
     24   6.23817201E-03   2.61940694E-04   1.69619014E+02 0
     25   6.50010800E-03   2.61935992E-04   1.65614804E+02 0
     26   6.76203950E-03   2.61931500E-04   1.62189875E+02 0
     27   7.02396672E-03   2.61927216E-04   1.58643077E+02 0
     28   7.28588986E-03   2.61923139E-04   1.54925638E+02 0
     29   7.54780913E-03   2.61919270E-04   1.51060677E+02 0
     30   7.80972474E-03   2.61915607E-04   1.47051770E+02 0
     31   8.07163688E-03   2.61912149E-04   1.42950100E+02 0
     32   8.33354578E-03   2.61908896E-04   1.39109064E+02 0
     33   8.59545163E-03   2.61905848E-04   1.37306504E+02 0
     34   8.85735463E-03   2.61903004E-04   1.37825472E+02 0
     35   9.11925500E-03   2.61900364E-04   1.39071814E+02 0
     36   9.38115293E-03   2.61897928E-04   1.40212276E+02 0
     37   9.64304862E-03   2.61895695E-04   1.41140291E+02 0
     38   9.90494229E-03   2.61893665E-04   1.41872955E+02 0
     39   1.01668341E-02   2.61891839E-04   1.42414524E+02 0
     40   1.04287243E-02   2.61890216E-04   1.42765617E+02 0
     41   1.06906131E-02   2.61888798E-04   1.42831293E+02 0
     42   1.09525007E-02   2.61887582E-04   1.42608444E+02 0
     43   1.12143873E-02   2.61886571E-04   1.42075894E+02 0
     44   1.14285714E-02   2.14184136E-04   1.41226958E+02 0
     45   1.16904567E-02   2.61885256E-04   1.40311816E+02 0
     46   1.19523415E-02   2.61884820E-04   1.39123863E+02 0
     47   1.22142261E-02   2.61884588E-04   1.38352911E+02 0
     48   1.24761106E-02   2.61884504E-04   1.37724357E+02 0
     49   1.27379952E-02   2.61884561E-04   1.36856852E+02 0
     50   1.29998799E-02   2.61884738E-04   1.35723004E+02 0
     51   1.32617650E-02   2.61885120E-04   1.34304515E+02 0
     52   1.35236507E-02   2.61885706E-04   1.32599695E+02 0
     53   1.37855372E-02   2.61886497E-04   1.30624274E+02 0
     54   1.40474247E-02   2.61887494E-04   1.28367139E+02 0
     55   1.43093134E-02   2.61888695E-04   1.25866581E+02 0
     56   1.45712035E-02   2.61890102E-04   1.23197385E+02 0
     57   1.48330952E-02   2.61891714E-04   1.20258290E+02 0
     58   1.50949888E-02   2.61893532E-04   1.17068450E+02 0
     59   1.53568843E-02   2.61895556E-04   1.13679601E+02 0
     60   1.56187821E-02   2.61897785E-04   1.10194242E+02 0
     61   1.58806823E-02   2.61900221E-04   1.06607849E+02 0
     62   1.61425852E-02   2.61902862E-04   1.02857471E+02 0
     63   1.64044909E-02   2.61905711E-04   9.89387064E+01 0
     64   1.66663997E-02   2.61908766E-04   9.48807894E+01 0
     65   1.69283117E-02   2.61912029E-04   9.07784099E+01 0
     66   1.71428571E-02   2.14545459E-04   8.65452968E+01 0
     67   1.74047763E-02   2.61919177E-04   8.36515945E+01 0
     68   1.76666987E-02   2.61922345E-04   8.06196361E+01 0
     69   1.79286251E-02   2.61926403E-04   7.85966339E+01 0
     70   1.81905557E-02   2.61930671E-04   7.76207670E+01 0
     71   1.84524909E-02   2.61935149E-04   7.70665999E+01 0
     72   1.87144307E-02   2.61939839E-04   7.68071443E+01 0
     73   1.89763755E-02   2.61944741E-04   7.65404850E+01 0
     74   1.92383253E-02   2.61949857E-04   7.65926030E+01 0
     75   1.95002805E-02   2.61955188E-04   7.71345757E+01 0
     76   1.97622412E-02   2.61960734E-04   7.80535112E+01 0
     77   2.00242077E-02   2.61966498E-04   7.90534305E+01 0
     78   2.02861802E-02   2.61972479E-04   8.01865758E+01 0
     79   2.05481589E-02   2.61978681E-04   8.13466745E+01 0
     80   2.08101440E-02   2.61985103E-04   8.24432335E+01 0
     81   2.10721358E-02   2.61991747E-04   8.33829177E+01 0
     82   2.13341344E-02   2.61998614E-04   8.41684223E+01 0
     83   2.15961401E-02   2.62005705E-04   8.48232644E+01 0
     84   2.18581531E-02   2.62013020E-04   8.53622425E+01 0
     85   2.21201737E-02   2.62020562E-04   8.58492131E+01 0
     86   2.23822020E-02   2.62028330E-04   8.62751190E+01 0
     87   2.26442383E-02   2.62036326E-04   8.65515866E+01 0
     88   2.28571429E-02   2.12904545E-04   8.66304944E+01 0
     89   2.31191959E-02   2.62053002E-04   8.65385091E+01 0
     90   2.33812559E-02   2.62060038E-04   8.62208193E+01 0
     91   2.36433248E-02   2.62068906E-04   8.56731063E+01 0
     92   2.39054028E-02   2.62078005E-04   8.48937152E+01 0
     93   2.41674901E-02   2.62087336E-04   8.38823487E+01 0
     94   2.44295870E-02   2.62096899E-04   8.26372327E+01 0
     95   2.46916937E-02   2.62106694E-04   8.12381970E+01 0
     96   2.49538105E-02   2.62116725E-04   7.97829409E+01 0
     97   2.52159375E-02   2.62126990E-04   7.81758027E+01 0
     98   2.54780749E-02   2.62137493E-04   7.64547717E+01 0
     99   2.57402232E-02   2.62148234E-04   7.44938169E+01 0
    100   2.60023824E-02   2.62159215E-04   7.23007709E+01 0
    101   2.62645476E-02   2.62165216E-04   7.00176061E+01 0
    102   2.65267017E-02   2.62154129E-04   6.75236535E+01 0
    103   2.67888450E-02   2.62143284E-04   6.48013790E+01 0
    104   2.70509777E-02   2.62132680E-04   6.18601023E+01 0
    105   2.73131000E-02   2.62122313E-04   5.87155984E+01 0
    106   2.75752122E-02   2.62112183E-04   5.54764827E+01 0
    107   2.78373145E-02   2.62102289E-04   5.21712781E+01 0
    108   2.80994071E-02   2.62092628E-04   4.91025778E+01 0
    109   2.83614903E-02   2.62083199E-04   4.62548776E+01 0
    110   2.85714286E-02   2.09938255E-04   4.36835383E+01 0
    111   2.88334954E-02   2.62066798E-04   4.18271858E+01 0
    112   2.90955534E-02   2.62058012E-04   4.06613199E+01 0
    113   2.93576028E-02   2.62049453E-04   4.00219146E+01 0
      1   2.00000000E-04   2.00000000E-04   4.13617892E+02 0
      2   4.00000000E-04   2.00000000E-04   3.93756567E+02 0
      3   6.00000000E-04   2.00000000E-04   3.74237480E+02 0
      4   8.00000000E-04   2.00000000E-04   3.55136758E+02 0
      5   1.00000000E-03   2.00000000E-04   3.36539986E+02 0
      6   1.20000000E-03   2.00000000E-04   3.18506952E+02 0
      7   1.40000000E-03   2.00000000E-04   3.01098290E+02 0
      8   1.60000000E-03   2.00000000E-04   2.84374199E+02 0
      9   1.80000000E-03   2.00000000E-04   2.68390599E+02 0
     10   2.00000000E-03   2.00000000E-04   2.53193467E+02 0
      1   2.00000000E-04   2.00000000E-04   4.13617892E+02 0
      2   4.00000000E-04   2.00000000E-04   3.93756567E+02 0
      3   6.00000000E-04   2.00000000E-04   3.74237480E+02 0
      4   8.00000000E-04   2.00000000E-04   3.55136758E+02 0
      5   1.00000000E-03   2.00000000E-04   3.36539986E+02 0
      6   1.20000000E-03   2.00000000E-04   3.18506952E+02 0
      7   1.40000000E-03   2.00000000E-04   3.01098290E+02 0
      8   1.60000000E-03   2.00000000E-04   2.84374199E+02 0
      9   1.80000000E-03   2.00000000E-04   2.68390599E+02 0
     10   2.00000000E-03   2.00000000E-04   2.53193467E+02 0
      1   2.00000000E-04   2.00000000E-04   4.13617892E+02 0
      2   4.00000000E-04   2.00000000E-04   3.93756567E+02 0
      3   6.00000000E-04   2.00000000E-04   3.74237480E+02 0
      4   8.00000000E-04   2.00000000E-04   3.55136758E+02 0
      5   1.00000000E-03   2.00000000E-04   3.36539986E+02 0
      6   1.20000000E-03   2.00000000E-04   3.18506952E+02 0
      7   1.40000000E-03   2.00000000E-04   3.01098290E+02 0
      8   1.60000000E-03   2.00000000E-04   2.84374199E+02 0
      9   1.80000000E-03   2.00000000E-04   2.68390599E+02 0
     10   2.00000000E-03   2.00000000E-04   2.53193467E+02 0
      1   2.00000000E-04   2.00000000E-04   4.13617892E+02 0
      2   4.00000000E-04   2.00000000E-04   3.93756567E+02 0
      3   6.00000000E-04   2.00000000E-04   3.74237480E+02 0
      4   8.00000000E-04   2.00000000E-04   3.55136758E+02 0
      5   1.00000000E-03   2.00000000E-04   3.36539986E+02 0
      6   1.20000000E-03   2.00000000E-04   3.18506952E+02 0
      7   1.40000000E-03   2.00000000E-04   3.01098290E+02 0
      8   1.60000000E-03   2.00000000E-04   2.84374199E+02 0
      9   1.80000000E-03   2.00000000E-04   2.68390599E+02 0
     10   2.00000000E-03   2.00000000E-04   2.53193467E+02 0
