The system is: Linux - 2.6.32-504.el6.x86_64 - x86_64
Compiling the C compiler identification source file "CMakeCCompilerId.c" succeeded.
Compiler: /usr/bin/cc 
Build flags: 
Id flags: 

The output was:
0


Compilation of the C compiler identification source "CMakeCCompilerId.c" produced "a.out"

The C compiler identification is GNU, found in "/home/vshakib/LYDG/build/CMakeFiles/2.8.12.2/CompilerIdC/a.out"

Determining if the C compiler works passed with the following output:
Change Dir: /home/vshakib/LYDG/build/CMakeFiles/CMakeTmp

Run Build Command:/usr/bin/gmake "cmTryCompileExec4242870263/fast"
/usr/bin/gmake -f CMakeFiles/cmTryCompileExec4242870263.dir/build.make CMakeFiles/cmTryCompileExec4242870263.dir/build
gmake[1]: Entering directory `/home/vshakib/LYDG/build/CMakeFiles/CMakeTmp'
/share/apps/cmake/2.8.12.2/bin/cmake -E cmake_progress_report /home/vshakib/LYDG/build/CMakeFiles/CMakeTmp/CMakeFiles 1
Building C object CMakeFiles/cmTryCompileExec4242870263.dir/testCCompiler.c.o
/usr/bin/cc    -o CMakeFiles/cmTryCompileExec4242870263.dir/testCCompiler.c.o   -c /home/vshakib/LYDG/build/CMakeFiles/CMakeTmp/testCCompiler.c
Linking C executable cmTryCompileExec4242870263
/share/apps/cmake/2.8.12.2/bin/cmake -E cmake_link_script CMakeFiles/cmTryCompileExec4242870263.dir/link.txt --verbose=1
/usr/bin/cc       CMakeFiles/cmTryCompileExec4242870263.dir/testCCompiler.c.o  -o cmTryCompileExec4242870263 -rdynamic 
gmake[1]: Leaving directory `/home/vshakib/LYDG/build/CMakeFiles/CMakeTmp'


Detecting C compiler ABI info compiled with the following output:
Change Dir: /home/vshakib/LYDG/build/CMakeFiles/CMakeTmp

Run Build Command:/usr/bin/gmake "cmTryCompileExec3037790034/fast"
/usr/bin/gmake -f CMakeFiles/cmTryCompileExec3037790034.dir/build.make CMakeFiles/cmTryCompileExec3037790034.dir/build
gmake[1]: Entering directory `/home/vshakib/LYDG/build/CMakeFiles/CMakeTmp'
/share/apps/cmake/2.8.12.2/bin/cmake -E cmake_progress_report /home/vshakib/LYDG/build/CMakeFiles/CMakeTmp/CMakeFiles 1
Building C object CMakeFiles/cmTryCompileExec3037790034.dir/CMakeCCompilerABI.c.o
/usr/bin/cc    -o CMakeFiles/cmTryCompileExec3037790034.dir/CMakeCCompilerABI.c.o   -c /share/apps/cmake/2.8.12.2/share/cmake-2.8/Modules/CMakeCCompilerABI.c
Linking C executable cmTryCompileExec3037790034
/share/apps/cmake/2.8.12.2/bin/cmake -E cmake_link_script CMakeFiles/cmTryCompileExec3037790034.dir/link.txt --verbose=1
/usr/bin/cc     -v CMakeFiles/cmTryCompileExec3037790034.dir/CMakeCCompilerABI.c.o  -o cmTryCompileExec3037790034 -rdynamic  
Using built-in specs.
Target: x86_64-redhat-linux
Configured with: ../configure --prefix=/usr --mandir=/usr/share/man --infodir=/usr/share/info --with-bugurl=http://bugzilla.redhat.com/bugzilla --enable-bootstrap --enable-shared --enable-threads=posix --enable-checking=release --with-system-zlib --enable-__cxa_atexit --disable-libunwind-exceptions --enable-gnu-unique-object --enable-languages=c,c++,objc,obj-c++,java,fortran,ada --enable-java-awt=gtk --disable-dssi --with-java-home=/usr/lib/jvm/java-1.5.0-gcj-1.5.0.0/jre --enable-libgcj-multifile --enable-java-maintainer-mode --with-ecj-jar=/usr/share/java/eclipse-ecj.jar --disable-libjava-multilib --with-ppl --with-cloog --with-tune=generic --with-arch_32=i686 --build=x86_64-redhat-linux
Thread model: posix
gcc version 4.4.7 20120313 (Red Hat 4.4.7-11) (GCC) 
COMPILER_PATH=/usr/libexec/gcc/x86_64-redhat-linux/4.4.7/:/usr/libexec/gcc/x86_64-redhat-linux/4.4.7/:/usr/libexec/gcc/x86_64-redhat-linux/:/usr/lib/gcc/x86_64-redhat-linux/4.4.7/:/usr/lib/gcc/x86_64-redhat-linux/:/usr/libexec/gcc/x86_64-redhat-linux/4.4.7/:/usr/libexec/gcc/x86_64-redhat-linux/:/usr/lib/gcc/x86_64-redhat-linux/4.4.7/:/usr/lib/gcc/x86_64-redhat-linux/
LIBRARY_PATH=/share/apps/gnu/5.2/lib64/../lib64/:/share/apps/gnu/5.2/lib/../lib64/:/usr/lib/gcc/x86_64-redhat-linux/4.4.7/:/usr/lib/gcc/x86_64-redhat-linux/4.4.7/:/usr/lib/gcc/x86_64-redhat-linux/4.4.7/../../../../lib64/:/lib/../lib64/:/usr/lib/../lib64/:/share/apps/gnu/5.2/lib64/:/share/apps/gnu/5.2/lib/:/usr/lib/gcc/x86_64-redhat-linux/4.4.7/../../../:/lib/:/usr/lib/
COLLECT_GCC_OPTIONS='-v' '-o' 'cmTryCompileExec3037790034' '-rdynamic' '-mtune=generic'
 /usr/libexec/gcc/x86_64-redhat-linux/4.4.7/collect2 --eh-frame-hdr --build-id -m elf_x86_64 --hash-style=gnu -export-dynamic -dynamic-linker /lib64/ld-linux-x86-64.so.2 -o cmTryCompileExec3037790034 /usr/lib/gcc/x86_64-redhat-linux/4.4.7/../../../../lib64/crt1.o /usr/lib/gcc/x86_64-redhat-linux/4.4.7/../../../../lib64/crti.o /usr/lib/gcc/x86_64-redhat-linux/4.4.7/crtbegin.o -L/share/apps/gnu/5.2/lib64/../lib64 -L/share/apps/gnu/5.2/lib/../lib64 -L/usr/lib/gcc/x86_64-redhat-linux/4.4.7 -L/usr/lib/gcc/x86_64-redhat-linux/4.4.7 -L/usr/lib/gcc/x86_64-redhat-linux/4.4.7/../../../../lib64 -L/lib/../lib64 -L/usr/lib/../lib64 -L/share/apps/gnu/5.2/lib64 -L/share/apps/gnu/5.2/lib -L/usr/lib/gcc/x86_64-redhat-linux/4.4.7/../../.. CMakeFiles/cmTryCompileExec3037790034.dir/CMakeCCompilerABI.c.o -lgcc --as-needed -lgcc_s --no-as-needed -lc -lgcc --as-needed -lgcc_s --no-as-needed /usr/lib/gcc/x86_64-redhat-linux/4.4.7/crtend.o /usr/lib/gcc/x86_64-redhat-linux/4.4.7/../../../../lib64/crtn.o
gmake[1]: Leaving directory `/home/vshakib/LYDG/build/CMakeFiles/CMakeTmp'


Parsed C implicit link information from above output:
  link line regex: [^( *|.*[/\])(ld|([^/\]+-)?ld|collect2)[^/\]*( |$)]
  ignore line: [Change Dir: /home/vshakib/LYDG/build/CMakeFiles/CMakeTmp]
  ignore line: []
  ignore line: [Run Build Command:/usr/bin/gmake "cmTryCompileExec3037790034/fast"]
  ignore line: [/usr/bin/gmake -f CMakeFiles/cmTryCompileExec3037790034.dir/build.make CMakeFiles/cmTryCompileExec3037790034.dir/build]
  ignore line: [gmake[1]: Entering directory `/home/vshakib/LYDG/build/CMakeFiles/CMakeTmp']
  ignore line: [/share/apps/cmake/2.8.12.2/bin/cmake -E cmake_progress_report /home/vshakib/LYDG/build/CMakeFiles/CMakeTmp/CMakeFiles 1]
  ignore line: [Building C object CMakeFiles/cmTryCompileExec3037790034.dir/CMakeCCompilerABI.c.o]
  ignore line: [/usr/bin/cc    -o CMakeFiles/cmTryCompileExec3037790034.dir/CMakeCCompilerABI.c.o   -c /share/apps/cmake/2.8.12.2/share/cmake-2.8/Modules/CMakeCCompilerABI.c]
  ignore line: [Linking C executable cmTryCompileExec3037790034]
  ignore line: [/share/apps/cmake/2.8.12.2/bin/cmake -E cmake_link_script CMakeFiles/cmTryCompileExec3037790034.dir/link.txt --verbose=1]
  ignore line: [/usr/bin/cc     -v CMakeFiles/cmTryCompileExec3037790034.dir/CMakeCCompilerABI.c.o  -o cmTryCompileExec3037790034 -rdynamic  ]
  ignore line: [Using built-in specs.]
  ignore line: [Target: x86_64-redhat-linux]
  ignore line: [Configured with: ../configure --prefix=/usr --mandir=/usr/share/man --infodir=/usr/share/info --with-bugurl=http://bugzilla.redhat.com/bugzilla --enable-bootstrap --enable-shared --enable-threads=posix --enable-checking=release --with-system-zlib --enable-__cxa_atexit --disable-libunwind-exceptions --enable-gnu-unique-object --enable-languages=c,c++,objc,obj-c++,java,fortran,ada --enable-java-awt=gtk --disable-dssi --with-java-home=/usr/lib/jvm/java-1.5.0-gcj-1.5.0.0/jre --enable-libgcj-multifile --enable-java-maintainer-mode --with-ecj-jar=/usr/share/java/eclipse-ecj.jar --disable-libjava-multilib --with-ppl --with-cloog --with-tune=generic --with-arch_32=i686 --build=x86_64-redhat-linux]
  ignore line: [Thread model: posix]
  ignore line: [gcc version 4.4.7 20120313 (Red Hat 4.4.7-11) (GCC) ]
  ignore line: [COMPILER_PATH=/usr/libexec/gcc/x86_64-redhat-linux/4.4.7/:/usr/libexec/gcc/x86_64-redhat-linux/4.4.7/:/usr/libexec/gcc/x86_64-redhat-linux/:/usr/lib/gcc/x86_64-redhat-linux/4.4.7/:/usr/lib/gcc/x86_64-redhat-linux/:/usr/libexec/gcc/x86_64-redhat-linux/4.4.7/:/usr/libexec/gcc/x86_64-redhat-linux/:/usr/lib/gcc/x86_64-redhat-linux/4.4.7/:/usr/lib/gcc/x86_64-redhat-linux/]
  ignore line: [LIBRARY_PATH=/share/apps/gnu/5.2/lib64/../lib64/:/share/apps/gnu/5.2/lib/../lib64/:/usr/lib/gcc/x86_64-redhat-linux/4.4.7/:/usr/lib/gcc/x86_64-redhat-linux/4.4.7/:/usr/lib/gcc/x86_64-redhat-linux/4.4.7/../../../../lib64/:/lib/../lib64/:/usr/lib/../lib64/:/share/apps/gnu/5.2/lib64/:/share/apps/gnu/5.2/lib/:/usr/lib/gcc/x86_64-redhat-linux/4.4.7/../../../:/lib/:/usr/lib/]
  ignore line: [COLLECT_GCC_OPTIONS='-v' '-o' 'cmTryCompileExec3037790034' '-rdynamic' '-mtune=generic']
  link line: [ /usr/libexec/gcc/x86_64-redhat-linux/4.4.7/collect2 --eh-frame-hdr --build-id -m elf_x86_64 --hash-style=gnu -export-dynamic -dynamic-linker /lib64/ld-linux-x86-64.so.2 -o cmTryCompileExec3037790034 /usr/lib/gcc/x86_64-redhat-linux/4.4.7/../../../../lib64/crt1.o /usr/lib/gcc/x86_64-redhat-linux/4.4.7/../../../../lib64/crti.o /usr/lib/gcc/x86_64-redhat-linux/4.4.7/crtbegin.o -L/share/apps/gnu/5.2/lib64/../lib64 -L/share/apps/gnu/5.2/lib/../lib64 -L/usr/lib/gcc/x86_64-redhat-linux/4.4.7 -L/usr/lib/gcc/x86_64-redhat-linux/4.4.7 -L/usr/lib/gcc/x86_64-redhat-linux/4.4.7/../../../../lib64 -L/lib/../lib64 -L/usr/lib/../lib64 -L/share/apps/gnu/5.2/lib64 -L/share/apps/gnu/5.2/lib -L/usr/lib/gcc/x86_64-redhat-linux/4.4.7/../../.. CMakeFiles/cmTryCompileExec3037790034.dir/CMakeCCompilerABI.c.o -lgcc --as-needed -lgcc_s --no-as-needed -lc -lgcc --as-needed -lgcc_s --no-as-needed /usr/lib/gcc/x86_64-redhat-linux/4.4.7/crtend.o /usr/lib/gcc/x86_64-redhat-linux/4.4.7/../../../../lib64/crtn.o]
    arg [/usr/libexec/gcc/x86_64-redhat-linux/4.4.7/collect2] ==> ignore
    arg [--eh-frame-hdr] ==> ignore
    arg [--build-id] ==> ignore
    arg [-m] ==> ignore
    arg [elf_x86_64] ==> ignore
    arg [--hash-style=gnu] ==> ignore
    arg [-export-dynamic] ==> ignore
    arg [-dynamic-linker] ==> ignore
    arg [/lib64/ld-linux-x86-64.so.2] ==> ignore
    arg [-o] ==> ignore
    arg [cmTryCompileExec3037790034] ==> ignore
    arg [/usr/lib/gcc/x86_64-redhat-linux/4.4.7/../../../../lib64/crt1.o] ==> ignore
    arg [/usr/lib/gcc/x86_64-redhat-linux/4.4.7/../../../../lib64/crti.o] ==> ignore
    arg [/usr/lib/gcc/x86_64-redhat-linux/4.4.7/crtbegin.o] ==> ignore
    arg [-L/share/apps/gnu/5.2/lib64/../lib64] ==> dir [/share/apps/gnu/5.2/lib64/../lib64]
    arg [-L/share/apps/gnu/5.2/lib/../lib64] ==> dir [/share/apps/gnu/5.2/lib/../lib64]
    arg [-L/usr/lib/gcc/x86_64-redhat-linux/4.4.7] ==> dir [/usr/lib/gcc/x86_64-redhat-linux/4.4.7]
    arg [-L/usr/lib/gcc/x86_64-redhat-linux/4.4.7] ==> dir [/usr/lib/gcc/x86_64-redhat-linux/4.4.7]
    arg [-L/usr/lib/gcc/x86_64-redhat-linux/4.4.7/../../../../lib64] ==> dir [/usr/lib/gcc/x86_64-redhat-linux/4.4.7/../../../../lib64]
    arg [-L/lib/../lib64] ==> dir [/lib/../lib64]
    arg [-L/usr/lib/../lib64] ==> dir [/usr/lib/../lib64]
    arg [-L/share/apps/gnu/5.2/lib64] ==> dir [/share/apps/gnu/5.2/lib64]
    arg [-L/share/apps/gnu/5.2/lib] ==> dir [/share/apps/gnu/5.2/lib]
    arg [-L/usr/lib/gcc/x86_64-redhat-linux/4.4.7/../../..] ==> dir [/usr/lib/gcc/x86_64-redhat-linux/4.4.7/../../..]
    arg [CMakeFiles/cmTryCompileExec3037790034.dir/CMakeCCompilerABI.c.o] ==> ignore
    arg [-lgcc] ==> lib [gcc]
    arg [--as-needed] ==> ignore
    arg [-lgcc_s] ==> lib [gcc_s]
    arg [--no-as-needed] ==> ignore
    arg [-lc] ==> lib [c]
    arg [-lgcc] ==> lib [gcc]
    arg [--as-needed] ==> ignore
    arg [-lgcc_s] ==> lib [gcc_s]
    arg [--no-as-needed] ==> ignore
    arg [/usr/lib/gcc/x86_64-redhat-linux/4.4.7/crtend.o] ==> ignore
    arg [/usr/lib/gcc/x86_64-redhat-linux/4.4.7/../../../../lib64/crtn.o] ==> ignore
  remove lib [gcc]
  remove lib [gcc_s]
  remove lib [gcc]
  remove lib [gcc_s]
  collapse library dir [/share/apps/gnu/5.2/lib64/../lib64] ==> [/share/apps/gnu/5.2/lib64]
  collapse library dir [/share/apps/gnu/5.2/lib/../lib64] ==> [/share/apps/gnu/5.2/lib64]
  collapse library dir [/usr/lib/gcc/x86_64-redhat-linux/4.4.7] ==> [/usr/lib/gcc/x86_64-redhat-linux/4.4.7]
  collapse library dir [/usr/lib/gcc/x86_64-redhat-linux/4.4.7] ==> [/usr/lib/gcc/x86_64-redhat-linux/4.4.7]
  collapse library dir [/usr/lib/gcc/x86_64-redhat-linux/4.4.7/../../../../lib64] ==> [/usr/lib64]
  collapse library dir [/lib/../lib64] ==> [/lib64]
  collapse library dir [/usr/lib/../lib64] ==> [/usr/lib64]
  collapse library dir [/share/apps/gnu/5.2/lib64] ==> [/share/apps/gnu/5.2/lib64]
  collapse library dir [/share/apps/gnu/5.2/lib] ==> [/share/apps/gnu/5.2/lib]
  collapse library dir [/usr/lib/gcc/x86_64-redhat-linux/4.4.7/../../..] ==> [/usr/lib]
  implicit libs: [c]
  implicit dirs: [/share/apps/gnu/5.2/lib64;/usr/lib/gcc/x86_64-redhat-linux/4.4.7;/usr/lib64;/lib64;/share/apps/gnu/5.2/lib;/usr/lib]
  implicit fwks: []


Compiling the CXX compiler identification source file "CMakeCXXCompilerId.cpp" succeeded.
Compiler: /usr/bin/c++ 
Build flags: 
Id flags: 

The output was:
0


Compilation of the CXX compiler identification source "CMakeCXXCompilerId.cpp" produced "a.out"

The CXX compiler identification is GNU, found in "/home/vshakib/LYDG/build/CMakeFiles/2.8.12.2/CompilerIdCXX/a.out"

Determining if the CXX compiler works passed with the following output:
Change Dir: /home/vshakib/LYDG/build/CMakeFiles/CMakeTmp

Run Build Command:/usr/bin/gmake "cmTryCompileExec1108015633/fast"
/usr/bin/gmake -f CMakeFiles/cmTryCompileExec1108015633.dir/build.make CMakeFiles/cmTryCompileExec1108015633.dir/build
gmake[1]: Entering directory `/home/vshakib/LYDG/build/CMakeFiles/CMakeTmp'
/share/apps/cmake/2.8.12.2/bin/cmake -E cmake_progress_report /home/vshakib/LYDG/build/CMakeFiles/CMakeTmp/CMakeFiles 1
Building CXX object CMakeFiles/cmTryCompileExec1108015633.dir/testCXXCompiler.cxx.o
/usr/bin/c++     -o CMakeFiles/cmTryCompileExec1108015633.dir/testCXXCompiler.cxx.o -c /home/vshakib/LYDG/build/CMakeFiles/CMakeTmp/testCXXCompiler.cxx
Linking CXX executable cmTryCompileExec1108015633
/share/apps/cmake/2.8.12.2/bin/cmake -E cmake_link_script CMakeFiles/cmTryCompileExec1108015633.dir/link.txt --verbose=1
/usr/bin/c++        CMakeFiles/cmTryCompileExec1108015633.dir/testCXXCompiler.cxx.o  -o cmTryCompileExec1108015633 -rdynamic 
gmake[1]: Leaving directory `/home/vshakib/LYDG/build/CMakeFiles/CMakeTmp'


Detecting CXX compiler ABI info compiled with the following output:
Change Dir: /home/vshakib/LYDG/build/CMakeFiles/CMakeTmp

Run Build Command:/usr/bin/gmake "cmTryCompileExec3498474788/fast"
/usr/bin/gmake -f CMakeFiles/cmTryCompileExec3498474788.dir/build.make CMakeFiles/cmTryCompileExec3498474788.dir/build
gmake[1]: Entering directory `/home/vshakib/LYDG/build/CMakeFiles/CMakeTmp'
/share/apps/cmake/2.8.12.2/bin/cmake -E cmake_progress_report /home/vshakib/LYDG/build/CMakeFiles/CMakeTmp/CMakeFiles 1
Building CXX object CMakeFiles/cmTryCompileExec3498474788.dir/CMakeCXXCompilerABI.cpp.o
/usr/bin/c++     -o CMakeFiles/cmTryCompileExec3498474788.dir/CMakeCXXCompilerABI.cpp.o -c /share/apps/cmake/2.8.12.2/share/cmake-2.8/Modules/CMakeCXXCompilerABI.cpp
Linking CXX executable cmTryCompileExec3498474788
/share/apps/cmake/2.8.12.2/bin/cmake -E cmake_link_script CMakeFiles/cmTryCompileExec3498474788.dir/link.txt --verbose=1
/usr/bin/c++      -v CMakeFiles/cmTryCompileExec3498474788.dir/CMakeCXXCompilerABI.cpp.o  -o cmTryCompileExec3498474788 -rdynamic  
Using built-in specs.
Target: x86_64-redhat-linux
Configured with: ../configure --prefix=/usr --mandir=/usr/share/man --infodir=/usr/share/info --with-bugurl=http://bugzilla.redhat.com/bugzilla --enable-bootstrap --enable-shared --enable-threads=posix --enable-checking=release --with-system-zlib --enable-__cxa_atexit --disable-libunwind-exceptions --enable-gnu-unique-object --enable-languages=c,c++,objc,obj-c++,java,fortran,ada --enable-java-awt=gtk --disable-dssi --with-java-home=/usr/lib/jvm/java-1.5.0-gcj-1.5.0.0/jre --enable-libgcj-multifile --enable-java-maintainer-mode --with-ecj-jar=/usr/share/java/eclipse-ecj.jar --disable-libjava-multilib --with-ppl --with-cloog --with-tune=generic --with-arch_32=i686 --build=x86_64-redhat-linux
Thread model: posix
gcc version 4.4.7 20120313 (Red Hat 4.4.7-11) (GCC) 
COMPILER_PATH=/usr/libexec/gcc/x86_64-redhat-linux/4.4.7/:/usr/libexec/gcc/x86_64-redhat-linux/4.4.7/:/usr/libexec/gcc/x86_64-redhat-linux/:/usr/lib/gcc/x86_64-redhat-linux/4.4.7/:/usr/lib/gcc/x86_64-redhat-linux/:/usr/libexec/gcc/x86_64-redhat-linux/4.4.7/:/usr/libexec/gcc/x86_64-redhat-linux/:/usr/lib/gcc/x86_64-redhat-linux/4.4.7/:/usr/lib/gcc/x86_64-redhat-linux/
LIBRARY_PATH=/share/apps/gnu/5.2/lib64/../lib64/:/share/apps/gnu/5.2/lib/../lib64/:/usr/lib/gcc/x86_64-redhat-linux/4.4.7/:/usr/lib/gcc/x86_64-redhat-linux/4.4.7/:/usr/lib/gcc/x86_64-redhat-linux/4.4.7/../../../../lib64/:/lib/../lib64/:/usr/lib/../lib64/:/share/apps/gnu/5.2/lib64/:/share/apps/gnu/5.2/lib/:/usr/lib/gcc/x86_64-redhat-linux/4.4.7/../../../:/lib/:/usr/lib/
COLLECT_GCC_OPTIONS='-v' '-o' 'cmTryCompileExec3498474788' '-rdynamic' '-shared-libgcc' '-mtune=generic'
 /usr/libexec/gcc/x86_64-redhat-linux/4.4.7/collect2 --eh-frame-hdr --build-id -m elf_x86_64 --hash-style=gnu -export-dynamic -dynamic-linker /lib64/ld-linux-x86-64.so.2 -o cmTryCompileExec3498474788 /usr/lib/gcc/x86_64-redhat-linux/4.4.7/../../../../lib64/crt1.o /usr/lib/gcc/x86_64-redhat-linux/4.4.7/../../../../lib64/crti.o /usr/lib/gcc/x86_64-redhat-linux/4.4.7/crtbegin.o -L/share/apps/gnu/5.2/lib64/../lib64 -L/share/apps/gnu/5.2/lib/../lib64 -L/usr/lib/gcc/x86_64-redhat-linux/4.4.7 -L/usr/lib/gcc/x86_64-redhat-linux/4.4.7 -L/usr/lib/gcc/x86_64-redhat-linux/4.4.7/../../../../lib64 -L/lib/../lib64 -L/usr/lib/../lib64 -L/share/apps/gnu/5.2/lib64 -L/share/apps/gnu/5.2/lib -L/usr/lib/gcc/x86_64-redhat-linux/4.4.7/../../.. CMakeFiles/cmTryCompileExec3498474788.dir/CMakeCXXCompilerABI.cpp.o -lstdc++ -lm -lgcc_s -lgcc -lc -lgcc_s -lgcc /usr/lib/gcc/x86_64-redhat-linux/4.4.7/crtend.o /usr/lib/gcc/x86_64-redhat-linux/4.4.7/../../../../lib64/crtn.o
gmake[1]: Leaving directory `/home/vshakib/LYDG/build/CMakeFiles/CMakeTmp'


Parsed CXX implicit link information from above output:
  link line regex: [^( *|.*[/\])(ld|([^/\]+-)?ld|collect2)[^/\]*( |$)]
  ignore line: [Change Dir: /home/vshakib/LYDG/build/CMakeFiles/CMakeTmp]
  ignore line: []
  ignore line: [Run Build Command:/usr/bin/gmake "cmTryCompileExec3498474788/fast"]
  ignore line: [/usr/bin/gmake -f CMakeFiles/cmTryCompileExec3498474788.dir/build.make CMakeFiles/cmTryCompileExec3498474788.dir/build]
  ignore line: [gmake[1]: Entering directory `/home/vshakib/LYDG/build/CMakeFiles/CMakeTmp']
  ignore line: [/share/apps/cmake/2.8.12.2/bin/cmake -E cmake_progress_report /home/vshakib/LYDG/build/CMakeFiles/CMakeTmp/CMakeFiles 1]
  ignore line: [Building CXX object CMakeFiles/cmTryCompileExec3498474788.dir/CMakeCXXCompilerABI.cpp.o]
  ignore line: [/usr/bin/c++     -o CMakeFiles/cmTryCompileExec3498474788.dir/CMakeCXXCompilerABI.cpp.o -c /share/apps/cmake/2.8.12.2/share/cmake-2.8/Modules/CMakeCXXCompilerABI.cpp]
  ignore line: [Linking CXX executable cmTryCompileExec3498474788]
  ignore line: [/share/apps/cmake/2.8.12.2/bin/cmake -E cmake_link_script CMakeFiles/cmTryCompileExec3498474788.dir/link.txt --verbose=1]
  ignore line: [/usr/bin/c++      -v CMakeFiles/cmTryCompileExec3498474788.dir/CMakeCXXCompilerABI.cpp.o  -o cmTryCompileExec3498474788 -rdynamic  ]
  ignore line: [Using built-in specs.]
  ignore line: [Target: x86_64-redhat-linux]
  ignore line: [Configured with: ../configure --prefix=/usr --mandir=/usr/share/man --infodir=/usr/share/info --with-bugurl=http://bugzilla.redhat.com/bugzilla --enable-bootstrap --enable-shared --enable-threads=posix --enable-checking=release --with-system-zlib --enable-__cxa_atexit --disable-libunwind-exceptions --enable-gnu-unique-object --enable-languages=c,c++,objc,obj-c++,java,fortran,ada --enable-java-awt=gtk --disable-dssi --with-java-home=/usr/lib/jvm/java-1.5.0-gcj-1.5.0.0/jre --enable-libgcj-multifile --enable-java-maintainer-mode --with-ecj-jar=/usr/share/java/eclipse-ecj.jar --disable-libjava-multilib --with-ppl --with-cloog --with-tune=generic --with-arch_32=i686 --build=x86_64-redhat-linux]
  ignore line: [Thread model: posix]
  ignore line: [gcc version 4.4.7 20120313 (Red Hat 4.4.7-11) (GCC) ]
  ignore line: [COMPILER_PATH=/usr/libexec/gcc/x86_64-redhat-linux/4.4.7/:/usr/libexec/gcc/x86_64-redhat-linux/4.4.7/:/usr/libexec/gcc/x86_64-redhat-linux/:/usr/lib/gcc/x86_64-redhat-linux/4.4.7/:/usr/lib/gcc/x86_64-redhat-linux/:/usr/libexec/gcc/x86_64-redhat-linux/4.4.7/:/usr/libexec/gcc/x86_64-redhat-linux/:/usr/lib/gcc/x86_64-redhat-linux/4.4.7/:/usr/lib/gcc/x86_64-redhat-linux/]
  ignore line: [LIBRARY_PATH=/share/apps/gnu/5.2/lib64/../lib64/:/share/apps/gnu/5.2/lib/../lib64/:/usr/lib/gcc/x86_64-redhat-linux/4.4.7/:/usr/lib/gcc/x86_64-redhat-linux/4.4.7/:/usr/lib/gcc/x86_64-redhat-linux/4.4.7/../../../../lib64/:/lib/../lib64/:/usr/lib/../lib64/:/share/apps/gnu/5.2/lib64/:/share/apps/gnu/5.2/lib/:/usr/lib/gcc/x86_64-redhat-linux/4.4.7/../../../:/lib/:/usr/lib/]
  ignore line: [COLLECT_GCC_OPTIONS='-v' '-o' 'cmTryCompileExec3498474788' '-rdynamic' '-shared-libgcc' '-mtune=generic']
  link line: [ /usr/libexec/gcc/x86_64-redhat-linux/4.4.7/collect2 --eh-frame-hdr --build-id -m elf_x86_64 --hash-style=gnu -export-dynamic -dynamic-linker /lib64/ld-linux-x86-64.so.2 -o cmTryCompileExec3498474788 /usr/lib/gcc/x86_64-redhat-linux/4.4.7/../../../../lib64/crt1.o /usr/lib/gcc/x86_64-redhat-linux/4.4.7/../../../../lib64/crti.o /usr/lib/gcc/x86_64-redhat-linux/4.4.7/crtbegin.o -L/share/apps/gnu/5.2/lib64/../lib64 -L/share/apps/gnu/5.2/lib/../lib64 -L/usr/lib/gcc/x86_64-redhat-linux/4.4.7 -L/usr/lib/gcc/x86_64-redhat-linux/4.4.7 -L/usr/lib/gcc/x86_64-redhat-linux/4.4.7/../../../../lib64 -L/lib/../lib64 -L/usr/lib/../lib64 -L/share/apps/gnu/5.2/lib64 -L/share/apps/gnu/5.2/lib -L/usr/lib/gcc/x86_64-redhat-linux/4.4.7/../../.. CMakeFiles/cmTryCompileExec3498474788.dir/CMakeCXXCompilerABI.cpp.o -lstdc++ -lm -lgcc_s -lgcc -lc -lgcc_s -lgcc /usr/lib/gcc/x86_64-redhat-linux/4.4.7/crtend.o /usr/lib/gcc/x86_64-redhat-linux/4.4.7/../../../../lib64/crtn.o]
    arg [/usr/libexec/gcc/x86_64-redhat-linux/4.4.7/collect2] ==> ignore
    arg [--eh-frame-hdr] ==> ignore
    arg [--build-id] ==> ignore
    arg [-m] ==> ignore
    arg [elf_x86_64] ==> ignore
    arg [--hash-style=gnu] ==> ignore
    arg [-export-dynamic] ==> ignore
    arg [-dynamic-linker] ==> ignore
    arg [/lib64/ld-linux-x86-64.so.2] ==> ignore
    arg [-o] ==> ignore
    arg [cmTryCompileExec3498474788] ==> ignore
    arg [/usr/lib/gcc/x86_64-redhat-linux/4.4.7/../../../../lib64/crt1.o] ==> ignore
    arg [/usr/lib/gcc/x86_64-redhat-linux/4.4.7/../../../../lib64/crti.o] ==> ignore
    arg [/usr/lib/gcc/x86_64-redhat-linux/4.4.7/crtbegin.o] ==> ignore
    arg [-L/share/apps/gnu/5.2/lib64/../lib64] ==> dir [/share/apps/gnu/5.2/lib64/../lib64]
    arg [-L/share/apps/gnu/5.2/lib/../lib64] ==> dir [/share/apps/gnu/5.2/lib/../lib64]
    arg [-L/usr/lib/gcc/x86_64-redhat-linux/4.4.7] ==> dir [/usr/lib/gcc/x86_64-redhat-linux/4.4.7]
    arg [-L/usr/lib/gcc/x86_64-redhat-linux/4.4.7] ==> dir [/usr/lib/gcc/x86_64-redhat-linux/4.4.7]
    arg [-L/usr/lib/gcc/x86_64-redhat-linux/4.4.7/../../../../lib64] ==> dir [/usr/lib/gcc/x86_64-redhat-linux/4.4.7/../../../../lib64]
    arg [-L/lib/../lib64] ==> dir [/lib/../lib64]
    arg [-L/usr/lib/../lib64] ==> dir [/usr/lib/../lib64]
    arg [-L/share/apps/gnu/5.2/lib64] ==> dir [/share/apps/gnu/5.2/lib64]
    arg [-L/share/apps/gnu/5.2/lib] ==> dir [/share/apps/gnu/5.2/lib]
    arg [-L/usr/lib/gcc/x86_64-redhat-linux/4.4.7/../../..] ==> dir [/usr/lib/gcc/x86_64-redhat-linux/4.4.7/../../..]
    arg [CMakeFiles/cmTryCompileExec3498474788.dir/CMakeCXXCompilerABI.cpp.o] ==> ignore
    arg [-lstdc++] ==> lib [stdc++]
    arg [-lm] ==> lib [m]
    arg [-lgcc_s] ==> lib [gcc_s]
    arg [-lgcc] ==> lib [gcc]
    arg [-lc] ==> lib [c]
    arg [-lgcc_s] ==> lib [gcc_s]
    arg [-lgcc] ==> lib [gcc]
    arg [/usr/lib/gcc/x86_64-redhat-linux/4.4.7/crtend.o] ==> ignore
    arg [/usr/lib/gcc/x86_64-redhat-linux/4.4.7/../../../../lib64/crtn.o] ==> ignore
  remove lib [gcc_s]
  remove lib [gcc]
  remove lib [gcc_s]
  remove lib [gcc]
  collapse library dir [/share/apps/gnu/5.2/lib64/../lib64] ==> [/share/apps/gnu/5.2/lib64]
  collapse library dir [/share/apps/gnu/5.2/lib/../lib64] ==> [/share/apps/gnu/5.2/lib64]
  collapse library dir [/usr/lib/gcc/x86_64-redhat-linux/4.4.7] ==> [/usr/lib/gcc/x86_64-redhat-linux/4.4.7]
  collapse library dir [/usr/lib/gcc/x86_64-redhat-linux/4.4.7] ==> [/usr/lib/gcc/x86_64-redhat-linux/4.4.7]
  collapse library dir [/usr/lib/gcc/x86_64-redhat-linux/4.4.7/../../../../lib64] ==> [/usr/lib64]
  collapse library dir [/lib/../lib64] ==> [/lib64]
  collapse library dir [/usr/lib/../lib64] ==> [/usr/lib64]
  collapse library dir [/share/apps/gnu/5.2/lib64] ==> [/share/apps/gnu/5.2/lib64]
  collapse library dir [/share/apps/gnu/5.2/lib] ==> [/share/apps/gnu/5.2/lib]
  collapse library dir [/usr/lib/gcc/x86_64-redhat-linux/4.4.7/../../..] ==> [/usr/lib]
  implicit libs: [stdc++;m;c]
  implicit dirs: [/share/apps/gnu/5.2/lib64;/usr/lib/gcc/x86_64-redhat-linux/4.4.7;/usr/lib64;/lib64;/share/apps/gnu/5.2/lib;/usr/lib]
  implicit fwks: []


Compiling the Fortran compiler identification source file "CMakeFortranCompilerId.F" succeeded.
Compiler: /usr/bin/gfortran 
Build flags: 
Id flags: 

The output was:
0


Compilation of the Fortran compiler identification source "CMakeFortranCompilerId.F" produced "a.out"

The Fortran compiler identification is GNU, found in "/home/vshakib/LYDG/build/CMakeFiles/2.8.12.2/CompilerIdFortran/a.out"

Determining if the Fortran compiler works passed with the following output:
Change Dir: /home/vshakib/LYDG/build/CMakeFiles/CMakeTmp

Run Build Command:/usr/bin/gmake "cmTryCompileExec3562884214/fast"
/usr/bin/gmake -f CMakeFiles/cmTryCompileExec3562884214.dir/build.make CMakeFiles/cmTryCompileExec3562884214.dir/build
gmake[1]: Entering directory `/home/vshakib/LYDG/build/CMakeFiles/CMakeTmp'
/share/apps/cmake/2.8.12.2/bin/cmake -E cmake_progress_report /home/vshakib/LYDG/build/CMakeFiles/CMakeTmp/CMakeFiles 1
Building Fortran object CMakeFiles/cmTryCompileExec3562884214.dir/testFortranCompiler.f.o
/usr/bin/gfortran    -c /home/vshakib/LYDG/build/CMakeFiles/CMakeTmp/testFortranCompiler.f -o CMakeFiles/cmTryCompileExec3562884214.dir/testFortranCompiler.f.o
Linking Fortran executable cmTryCompileExec3562884214
/share/apps/cmake/2.8.12.2/bin/cmake -E cmake_link_script CMakeFiles/cmTryCompileExec3562884214.dir/link.txt --verbose=1
/usr/bin/gfortran       CMakeFiles/cmTryCompileExec3562884214.dir/testFortranCompiler.f.o  -o cmTryCompileExec3562884214 -rdynamic 
gmake[1]: Leaving directory `/home/vshakib/LYDG/build/CMakeFiles/CMakeTmp'


Detecting Fortran compiler ABI info compiled with the following output:
Change Dir: /home/vshakib/LYDG/build/CMakeFiles/CMakeTmp

Run Build Command:/usr/bin/gmake "cmTryCompileExec3340703656/fast"
/usr/bin/gmake -f CMakeFiles/cmTryCompileExec3340703656.dir/build.make CMakeFiles/cmTryCompileExec3340703656.dir/build
gmake[1]: Entering directory `/home/vshakib/LYDG/build/CMakeFiles/CMakeTmp'
/share/apps/cmake/2.8.12.2/bin/cmake -E cmake_progress_report /home/vshakib/LYDG/build/CMakeFiles/CMakeTmp/CMakeFiles 1
Building Fortran object CMakeFiles/cmTryCompileExec3340703656.dir/CMakeFortranCompilerABI.F.o
/usr/bin/gfortran    -c /share/apps/cmake/2.8.12.2/share/cmake-2.8/Modules/CMakeFortranCompilerABI.F -o CMakeFiles/cmTryCompileExec3340703656.dir/CMakeFortranCompilerABI.F.o
Linking Fortran executable cmTryCompileExec3340703656
/share/apps/cmake/2.8.12.2/bin/cmake -E cmake_link_script CMakeFiles/cmTryCompileExec3340703656.dir/link.txt --verbose=1
/usr/bin/gfortran   -v   CMakeFiles/cmTryCompileExec3340703656.dir/CMakeFortranCompilerABI.F.o  -o cmTryCompileExec3340703656 -rdynamic  
Driving: /usr/bin/gfortran -v CMakeFiles/cmTryCompileExec3340703656.dir/CMakeFortranCompilerABI.F.o -o cmTryCompileExec3340703656 -rdynamic -lgfortranbegin -lgfortran -lm -shared-libgcc
Using built-in specs.
Target: x86_64-redhat-linux
Configured with: ../configure --prefix=/usr --mandir=/usr/share/man --infodir=/usr/share/info --with-bugurl=http://bugzilla.redhat.com/bugzilla --enable-bootstrap --enable-shared --enable-threads=posix --enable-checking=release --with-system-zlib --enable-__cxa_atexit --disable-libunwind-exceptions --enable-gnu-unique-object --enable-languages=c,c++,objc,obj-c++,java,fortran,ada --enable-java-awt=gtk --disable-dssi --with-java-home=/usr/lib/jvm/java-1.5.0-gcj-1.5.0.0/jre --enable-libgcj-multifile --enable-java-maintainer-mode --with-ecj-jar=/usr/share/java/eclipse-ecj.jar --disable-libjava-multilib --with-ppl --with-cloog --with-tune=generic --with-arch_32=i686 --build=x86_64-redhat-linux
Thread model: posix
gcc version 4.4.7 20120313 (Red Hat 4.4.7-11) (GCC) 
COMPILER_PATH=/usr/libexec/gcc/x86_64-redhat-linux/4.4.7/:/usr/libexec/gcc/x86_64-redhat-linux/4.4.7/:/usr/libexec/gcc/x86_64-redhat-linux/:/usr/lib/gcc/x86_64-redhat-linux/4.4.7/:/usr/lib/gcc/x86_64-redhat-linux/:/usr/libexec/gcc/x86_64-redhat-linux/4.4.7/:/usr/libexec/gcc/x86_64-redhat-linux/:/usr/lib/gcc/x86_64-redhat-linux/4.4.7/:/usr/lib/gcc/x86_64-redhat-linux/
LIBRARY_PATH=/share/apps/gnu/5.2/lib64/../lib64/:/share/apps/gnu/5.2/lib/../lib64/:/usr/lib/gcc/x86_64-redhat-linux/4.4.7/:/usr/lib/gcc/x86_64-redhat-linux/4.4.7/:/usr/lib/gcc/x86_64-redhat-linux/4.4.7/../../../../lib64/:/lib/../lib64/:/usr/lib/../lib64/:/share/apps/gnu/5.2/lib64/:/share/apps/gnu/5.2/lib/:/usr/lib/gcc/x86_64-redhat-linux/4.4.7/../../../:/lib/:/usr/lib/
COLLECT_GCC_OPTIONS='-v' '-o' 'cmTryCompileExec3340703656' '-rdynamic' '-shared-libgcc' '-mtune=generic'
 /usr/libexec/gcc/x86_64-redhat-linux/4.4.7/collect2 --eh-frame-hdr --build-id -m elf_x86_64 --hash-style=gnu -export-dynamic -dynamic-linker /lib64/ld-linux-x86-64.so.2 -o cmTryCompileExec3340703656 /usr/lib/gcc/x86_64-redhat-linux/4.4.7/../../../../lib64/crt1.o /usr/lib/gcc/x86_64-redhat-linux/4.4.7/../../../../lib64/crti.o /usr/lib/gcc/x86_64-redhat-linux/4.4.7/crtbegin.o -L/share/apps/gnu/5.2/lib64/../lib64 -L/share/apps/gnu/5.2/lib/../lib64 -L/usr/lib/gcc/x86_64-redhat-linux/4.4.7 -L/usr/lib/gcc/x86_64-redhat-linux/4.4.7 -L/usr/lib/gcc/x86_64-redhat-linux/4.4.7/../../../../lib64 -L/lib/../lib64 -L/usr/lib/../lib64 -L/share/apps/gnu/5.2/lib64 -L/share/apps/gnu/5.2/lib -L/usr/lib/gcc/x86_64-redhat-linux/4.4.7/../../.. CMakeFiles/cmTryCompileExec3340703656.dir/CMakeFortranCompilerABI.F.o -lgfortranbegin -lgfortran -lm -lgcc_s -lgcc -lc -lgcc_s -lgcc /usr/lib/gcc/x86_64-redhat-linux/4.4.7/crtend.o /usr/lib/gcc/x86_64-redhat-linux/4.4.7/../../../../lib64/crtn.o
gmake[1]: Leaving directory `/home/vshakib/LYDG/build/CMakeFiles/CMakeTmp'


Parsed Fortran implicit link information from above output:
  link line regex: [^( *|.*[/\])(ld|([^/\]+-)?ld|collect2)[^/\]*( |$)]
  ignore line: [Change Dir: /home/vshakib/LYDG/build/CMakeFiles/CMakeTmp]
  ignore line: []
  ignore line: [Run Build Command:/usr/bin/gmake "cmTryCompileExec3340703656/fast"]
  ignore line: [/usr/bin/gmake -f CMakeFiles/cmTryCompileExec3340703656.dir/build.make CMakeFiles/cmTryCompileExec3340703656.dir/build]
  ignore line: [gmake[1]: Entering directory `/home/vshakib/LYDG/build/CMakeFiles/CMakeTmp']
  ignore line: [/share/apps/cmake/2.8.12.2/bin/cmake -E cmake_progress_report /home/vshakib/LYDG/build/CMakeFiles/CMakeTmp/CMakeFiles 1]
  ignore line: [Building Fortran object CMakeFiles/cmTryCompileExec3340703656.dir/CMakeFortranCompilerABI.F.o]
  ignore line: [/usr/bin/gfortran    -c /share/apps/cmake/2.8.12.2/share/cmake-2.8/Modules/CMakeFortranCompilerABI.F -o CMakeFiles/cmTryCompileExec3340703656.dir/CMakeFortranCompilerABI.F.o]
  ignore line: [Linking Fortran executable cmTryCompileExec3340703656]
  ignore line: [/share/apps/cmake/2.8.12.2/bin/cmake -E cmake_link_script CMakeFiles/cmTryCompileExec3340703656.dir/link.txt --verbose=1]
  ignore line: [/usr/bin/gfortran   -v   CMakeFiles/cmTryCompileExec3340703656.dir/CMakeFortranCompilerABI.F.o  -o cmTryCompileExec3340703656 -rdynamic  ]
  ignore line: [Driving: /usr/bin/gfortran -v CMakeFiles/cmTryCompileExec3340703656.dir/CMakeFortranCompilerABI.F.o -o cmTryCompileExec3340703656 -rdynamic -lgfortranbegin -lgfortran -lm -shared-libgcc]
  ignore line: [Using built-in specs.]
  ignore line: [Target: x86_64-redhat-linux]
  ignore line: [Configured with: ../configure --prefix=/usr --mandir=/usr/share/man --infodir=/usr/share/info --with-bugurl=http://bugzilla.redhat.com/bugzilla --enable-bootstrap --enable-shared --enable-threads=posix --enable-checking=release --with-system-zlib --enable-__cxa_atexit --disable-libunwind-exceptions --enable-gnu-unique-object --enable-languages=c,c++,objc,obj-c++,java,fortran,ada --enable-java-awt=gtk --disable-dssi --with-java-home=/usr/lib/jvm/java-1.5.0-gcj-1.5.0.0/jre --enable-libgcj-multifile --enable-java-maintainer-mode --with-ecj-jar=/usr/share/java/eclipse-ecj.jar --disable-libjava-multilib --with-ppl --with-cloog --with-tune=generic --with-arch_32=i686 --build=x86_64-redhat-linux]
  ignore line: [Thread model: posix]
  ignore line: [gcc version 4.4.7 20120313 (Red Hat 4.4.7-11) (GCC) ]
  ignore line: [COMPILER_PATH=/usr/libexec/gcc/x86_64-redhat-linux/4.4.7/:/usr/libexec/gcc/x86_64-redhat-linux/4.4.7/:/usr/libexec/gcc/x86_64-redhat-linux/:/usr/lib/gcc/x86_64-redhat-linux/4.4.7/:/usr/lib/gcc/x86_64-redhat-linux/:/usr/libexec/gcc/x86_64-redhat-linux/4.4.7/:/usr/libexec/gcc/x86_64-redhat-linux/:/usr/lib/gcc/x86_64-redhat-linux/4.4.7/:/usr/lib/gcc/x86_64-redhat-linux/]
  ignore line: [LIBRARY_PATH=/share/apps/gnu/5.2/lib64/../lib64/:/share/apps/gnu/5.2/lib/../lib64/:/usr/lib/gcc/x86_64-redhat-linux/4.4.7/:/usr/lib/gcc/x86_64-redhat-linux/4.4.7/:/usr/lib/gcc/x86_64-redhat-linux/4.4.7/../../../../lib64/:/lib/../lib64/:/usr/lib/../lib64/:/share/apps/gnu/5.2/lib64/:/share/apps/gnu/5.2/lib/:/usr/lib/gcc/x86_64-redhat-linux/4.4.7/../../../:/lib/:/usr/lib/]
  ignore line: [COLLECT_GCC_OPTIONS='-v' '-o' 'cmTryCompileExec3340703656' '-rdynamic' '-shared-libgcc' '-mtune=generic']
  link line: [ /usr/libexec/gcc/x86_64-redhat-linux/4.4.7/collect2 --eh-frame-hdr --build-id -m elf_x86_64 --hash-style=gnu -export-dynamic -dynamic-linker /lib64/ld-linux-x86-64.so.2 -o cmTryCompileExec3340703656 /usr/lib/gcc/x86_64-redhat-linux/4.4.7/../../../../lib64/crt1.o /usr/lib/gcc/x86_64-redhat-linux/4.4.7/../../../../lib64/crti.o /usr/lib/gcc/x86_64-redhat-linux/4.4.7/crtbegin.o -L/share/apps/gnu/5.2/lib64/../lib64 -L/share/apps/gnu/5.2/lib/../lib64 -L/usr/lib/gcc/x86_64-redhat-linux/4.4.7 -L/usr/lib/gcc/x86_64-redhat-linux/4.4.7 -L/usr/lib/gcc/x86_64-redhat-linux/4.4.7/../../../../lib64 -L/lib/../lib64 -L/usr/lib/../lib64 -L/share/apps/gnu/5.2/lib64 -L/share/apps/gnu/5.2/lib -L/usr/lib/gcc/x86_64-redhat-linux/4.4.7/../../.. CMakeFiles/cmTryCompileExec3340703656.dir/CMakeFortranCompilerABI.F.o -lgfortranbegin -lgfortran -lm -lgcc_s -lgcc -lc -lgcc_s -lgcc /usr/lib/gcc/x86_64-redhat-linux/4.4.7/crtend.o /usr/lib/gcc/x86_64-redhat-linux/4.4.7/../../../../lib64/crtn.o]
    arg [/usr/libexec/gcc/x86_64-redhat-linux/4.4.7/collect2] ==> ignore
    arg [--eh-frame-hdr] ==> ignore
    arg [--build-id] ==> ignore
    arg [-m] ==> ignore
    arg [elf_x86_64] ==> ignore
    arg [--hash-style=gnu] ==> ignore
    arg [-export-dynamic] ==> ignore
    arg [-dynamic-linker] ==> ignore
    arg [/lib64/ld-linux-x86-64.so.2] ==> ignore
    arg [-o] ==> ignore
    arg [cmTryCompileExec3340703656] ==> ignore
    arg [/usr/lib/gcc/x86_64-redhat-linux/4.4.7/../../../../lib64/crt1.o] ==> ignore
    arg [/usr/lib/gcc/x86_64-redhat-linux/4.4.7/../../../../lib64/crti.o] ==> ignore
    arg [/usr/lib/gcc/x86_64-redhat-linux/4.4.7/crtbegin.o] ==> ignore
    arg [-L/share/apps/gnu/5.2/lib64/../lib64] ==> dir [/share/apps/gnu/5.2/lib64/../lib64]
    arg [-L/share/apps/gnu/5.2/lib/../lib64] ==> dir [/share/apps/gnu/5.2/lib/../lib64]
    arg [-L/usr/lib/gcc/x86_64-redhat-linux/4.4.7] ==> dir [/usr/lib/gcc/x86_64-redhat-linux/4.4.7]
    arg [-L/usr/lib/gcc/x86_64-redhat-linux/4.4.7] ==> dir [/usr/lib/gcc/x86_64-redhat-linux/4.4.7]
    arg [-L/usr/lib/gcc/x86_64-redhat-linux/4.4.7/../../../../lib64] ==> dir [/usr/lib/gcc/x86_64-redhat-linux/4.4.7/../../../../lib64]
    arg [-L/lib/../lib64] ==> dir [/lib/../lib64]
    arg [-L/usr/lib/../lib64] ==> dir [/usr/lib/../lib64]
    arg [-L/share/apps/gnu/5.2/lib64] ==> dir [/share/apps/gnu/5.2/lib64]
    arg [-L/share/apps/gnu/5.2/lib] ==> dir [/share/apps/gnu/5.2/lib]
    arg [-L/usr/lib/gcc/x86_64-redhat-linux/4.4.7/../../..] ==> dir [/usr/lib/gcc/x86_64-redhat-linux/4.4.7/../../..]
    arg [CMakeFiles/cmTryCompileExec3340703656.dir/CMakeFortranCompilerABI.F.o] ==> ignore
    arg [-lgfortranbegin] ==> lib [gfortranbegin]
    arg [-lgfortran] ==> lib [gfortran]
    arg [-lm] ==> lib [m]
    arg [-lgcc_s] ==> lib [gcc_s]
    arg [-lgcc] ==> lib [gcc]
    arg [-lc] ==> lib [c]
    arg [-lgcc_s] ==> lib [gcc_s]
    arg [-lgcc] ==> lib [gcc]
    arg [/usr/lib/gcc/x86_64-redhat-linux/4.4.7/crtend.o] ==> ignore
    arg [/usr/lib/gcc/x86_64-redhat-linux/4.4.7/../../../../lib64/crtn.o] ==> ignore
  remove lib [gcc_s]
  remove lib [gcc]
  remove lib [gcc_s]
  remove lib [gcc]
  collapse library dir [/share/apps/gnu/5.2/lib64/../lib64] ==> [/share/apps/gnu/5.2/lib64]
  collapse library dir [/share/apps/gnu/5.2/lib/../lib64] ==> [/share/apps/gnu/5.2/lib64]
  collapse library dir [/usr/lib/gcc/x86_64-redhat-linux/4.4.7] ==> [/usr/lib/gcc/x86_64-redhat-linux/4.4.7]
  collapse library dir [/usr/lib/gcc/x86_64-redhat-linux/4.4.7] ==> [/usr/lib/gcc/x86_64-redhat-linux/4.4.7]
  collapse library dir [/usr/lib/gcc/x86_64-redhat-linux/4.4.7/../../../../lib64] ==> [/usr/lib64]
  collapse library dir [/lib/../lib64] ==> [/lib64]
  collapse library dir [/usr/lib/../lib64] ==> [/usr/lib64]
  collapse library dir [/share/apps/gnu/5.2/lib64] ==> [/share/apps/gnu/5.2/lib64]
  collapse library dir [/share/apps/gnu/5.2/lib] ==> [/share/apps/gnu/5.2/lib]
  collapse library dir [/usr/lib/gcc/x86_64-redhat-linux/4.4.7/../../..] ==> [/usr/lib]
  implicit libs: [gfortranbegin;gfortran;m;c]
  implicit dirs: [/share/apps/gnu/5.2/lib64;/usr/lib/gcc/x86_64-redhat-linux/4.4.7;/usr/lib64;/lib64;/share/apps/gnu/5.2/lib;/usr/lib]
  implicit fwks: []


Determining if the Fortran compiler supports Fortran 90 passed with the following output:
Change Dir: /home/vshakib/LYDG/build/CMakeFiles/CMakeTmp

Run Build Command:/usr/bin/gmake "cmTryCompileExec743522479/fast"
/usr/bin/gmake -f CMakeFiles/cmTryCompileExec743522479.dir/build.make CMakeFiles/cmTryCompileExec743522479.dir/build
gmake[1]: Entering directory `/home/vshakib/LYDG/build/CMakeFiles/CMakeTmp'
/share/apps/cmake/2.8.12.2/bin/cmake -E cmake_progress_report /home/vshakib/LYDG/build/CMakeFiles/CMakeTmp/CMakeFiles 1
Building Fortran object CMakeFiles/cmTryCompileExec743522479.dir/testFortranCompilerF90.f90.o
/usr/bin/gfortran    -c /home/vshakib/LYDG/build/CMakeFiles/CMakeTmp/testFortranCompilerF90.f90 -o CMakeFiles/cmTryCompileExec743522479.dir/testFortranCompilerF90.f90.o
Linking Fortran executable cmTryCompileExec743522479
/share/apps/cmake/2.8.12.2/bin/cmake -E cmake_link_script CMakeFiles/cmTryCompileExec743522479.dir/link.txt --verbose=1
/usr/bin/gfortran       CMakeFiles/cmTryCompileExec743522479.dir/testFortranCompilerF90.f90.o  -o cmTryCompileExec743522479 -rdynamic 
gmake[1]: Leaving directory `/home/vshakib/LYDG/build/CMakeFiles/CMakeTmp'


Determining if the function XOpenDisplay exists in the /usr/lib64/libX11.so;/usr/lib64/libXext.so passed with the following output:
Change Dir: /home/vshakib/LYDG/build/CMakeFiles/CMakeTmp

Run Build Command:/usr/bin/gmake "cmTryCompileExec3279298018/fast"
/usr/bin/gmake -f CMakeFiles/cmTryCompileExec3279298018.dir/build.make CMakeFiles/cmTryCompileExec3279298018.dir/build
gmake[1]: Entering directory `/home/vshakib/LYDG/build/CMakeFiles/CMakeTmp'
/share/apps/cmake/2.8.12.2/bin/cmake -E cmake_progress_report /home/vshakib/LYDG/build/CMakeFiles/CMakeTmp/CMakeFiles 1
Building C object CMakeFiles/cmTryCompileExec3279298018.dir/CheckFunctionExists.c.o
/usr/bin/cc   -DCHECK_FUNCTION_EXISTS=XOpenDisplay   -o CMakeFiles/cmTryCompileExec3279298018.dir/CheckFunctionExists.c.o   -c /share/apps/cmake/2.8.12.2/share/cmake-2.8/Modules/CheckFunctionExists.c
Linking C executable cmTryCompileExec3279298018
/share/apps/cmake/2.8.12.2/bin/cmake -E cmake_link_script CMakeFiles/cmTryCompileExec3279298018.dir/link.txt --verbose=1
/usr/bin/cc   -DCHECK_FUNCTION_EXISTS=XOpenDisplay    CMakeFiles/cmTryCompileExec3279298018.dir/CheckFunctionExists.c.o  -o cmTryCompileExec3279298018 -rdynamic -lX11 -lXext 
gmake[1]: Leaving directory `/home/vshakib/LYDG/build/CMakeFiles/CMakeTmp'


Determining if the function gethostbyname exists passed with the following output:
Change Dir: /home/vshakib/LYDG/build/CMakeFiles/CMakeTmp

Run Build Command:/usr/bin/gmake "cmTryCompileExec708004758/fast"
/usr/bin/gmake -f CMakeFiles/cmTryCompileExec708004758.dir/build.make CMakeFiles/cmTryCompileExec708004758.dir/build
gmake[1]: Entering directory `/home/vshakib/LYDG/build/CMakeFiles/CMakeTmp'
/share/apps/cmake/2.8.12.2/bin/cmake -E cmake_progress_report /home/vshakib/LYDG/build/CMakeFiles/CMakeTmp/CMakeFiles 1
Building C object CMakeFiles/cmTryCompileExec708004758.dir/CheckFunctionExists.c.o
/usr/bin/cc   -DCHECK_FUNCTION_EXISTS=gethostbyname   -o CMakeFiles/cmTryCompileExec708004758.dir/CheckFunctionExists.c.o   -c /share/apps/cmake/2.8.12.2/share/cmake-2.8/Modules/CheckFunctionExists.c
Linking C executable cmTryCompileExec708004758
/share/apps/cmake/2.8.12.2/bin/cmake -E cmake_link_script CMakeFiles/cmTryCompileExec708004758.dir/link.txt --verbose=1
/usr/bin/cc   -DCHECK_FUNCTION_EXISTS=gethostbyname    CMakeFiles/cmTryCompileExec708004758.dir/CheckFunctionExists.c.o  -o cmTryCompileExec708004758 -rdynamic 
gmake[1]: Leaving directory `/home/vshakib/LYDG/build/CMakeFiles/CMakeTmp'


Determining if the function connect exists passed with the following output:
Change Dir: /home/vshakib/LYDG/build/CMakeFiles/CMakeTmp

Run Build Command:/usr/bin/gmake "cmTryCompileExec2569079786/fast"
/usr/bin/gmake -f CMakeFiles/cmTryCompileExec2569079786.dir/build.make CMakeFiles/cmTryCompileExec2569079786.dir/build
gmake[1]: Entering directory `/home/vshakib/LYDG/build/CMakeFiles/CMakeTmp'
/share/apps/cmake/2.8.12.2/bin/cmake -E cmake_progress_report /home/vshakib/LYDG/build/CMakeFiles/CMakeTmp/CMakeFiles 1
Building C object CMakeFiles/cmTryCompileExec2569079786.dir/CheckFunctionExists.c.o
/usr/bin/cc   -DCHECK_FUNCTION_EXISTS=connect   -o CMakeFiles/cmTryCompileExec2569079786.dir/CheckFunctionExists.c.o   -c /share/apps/cmake/2.8.12.2/share/cmake-2.8/Modules/CheckFunctionExists.c
Linking C executable cmTryCompileExec2569079786
/share/apps/cmake/2.8.12.2/bin/cmake -E cmake_link_script CMakeFiles/cmTryCompileExec2569079786.dir/link.txt --verbose=1
/usr/bin/cc   -DCHECK_FUNCTION_EXISTS=connect    CMakeFiles/cmTryCompileExec2569079786.dir/CheckFunctionExists.c.o  -o cmTryCompileExec2569079786 -rdynamic 
gmake[1]: Leaving directory `/home/vshakib/LYDG/build/CMakeFiles/CMakeTmp'


Determining if the function remove exists passed with the following output:
Change Dir: /home/vshakib/LYDG/build/CMakeFiles/CMakeTmp

Run Build Command:/usr/bin/gmake "cmTryCompileExec1522115529/fast"
/usr/bin/gmake -f CMakeFiles/cmTryCompileExec1522115529.dir/build.make CMakeFiles/cmTryCompileExec1522115529.dir/build
gmake[1]: Entering directory `/home/vshakib/LYDG/build/CMakeFiles/CMakeTmp'
/share/apps/cmake/2.8.12.2/bin/cmake -E cmake_progress_report /home/vshakib/LYDG/build/CMakeFiles/CMakeTmp/CMakeFiles 1
Building C object CMakeFiles/cmTryCompileExec1522115529.dir/CheckFunctionExists.c.o
/usr/bin/cc   -DCHECK_FUNCTION_EXISTS=remove   -o CMakeFiles/cmTryCompileExec1522115529.dir/CheckFunctionExists.c.o   -c /share/apps/cmake/2.8.12.2/share/cmake-2.8/Modules/CheckFunctionExists.c
Linking C executable cmTryCompileExec1522115529
/share/apps/cmake/2.8.12.2/bin/cmake -E cmake_link_script CMakeFiles/cmTryCompileExec1522115529.dir/link.txt --verbose=1
/usr/bin/cc   -DCHECK_FUNCTION_EXISTS=remove    CMakeFiles/cmTryCompileExec1522115529.dir/CheckFunctionExists.c.o  -o cmTryCompileExec1522115529 -rdynamic 
gmake[1]: Leaving directory `/home/vshakib/LYDG/build/CMakeFiles/CMakeTmp'


Determining if the function shmat exists passed with the following output:
Change Dir: /home/vshakib/LYDG/build/CMakeFiles/CMakeTmp

Run Build Command:/usr/bin/gmake "cmTryCompileExec2670819870/fast"
/usr/bin/gmake -f CMakeFiles/cmTryCompileExec2670819870.dir/build.make CMakeFiles/cmTryCompileExec2670819870.dir/build
gmake[1]: Entering directory `/home/vshakib/LYDG/build/CMakeFiles/CMakeTmp'
/share/apps/cmake/2.8.12.2/bin/cmake -E cmake_progress_report /home/vshakib/LYDG/build/CMakeFiles/CMakeTmp/CMakeFiles 1
Building C object CMakeFiles/cmTryCompileExec2670819870.dir/CheckFunctionExists.c.o
/usr/bin/cc   -DCHECK_FUNCTION_EXISTS=shmat   -o CMakeFiles/cmTryCompileExec2670819870.dir/CheckFunctionExists.c.o   -c /share/apps/cmake/2.8.12.2/share/cmake-2.8/Modules/CheckFunctionExists.c
Linking C executable cmTryCompileExec2670819870
/share/apps/cmake/2.8.12.2/bin/cmake -E cmake_link_script CMakeFiles/cmTryCompileExec2670819870.dir/link.txt --verbose=1
/usr/bin/cc   -DCHECK_FUNCTION_EXISTS=shmat    CMakeFiles/cmTryCompileExec2670819870.dir/CheckFunctionExists.c.o  -o cmTryCompileExec2670819870 -rdynamic 
gmake[1]: Leaving directory `/home/vshakib/LYDG/build/CMakeFiles/CMakeTmp'


Determining if the function IceConnectionNumber exists in the ICE passed with the following output:
Change Dir: /home/vshakib/LYDG/build/CMakeFiles/CMakeTmp

Run Build Command:/usr/bin/gmake "cmTryCompileExec1601677230/fast"
/usr/bin/gmake -f CMakeFiles/cmTryCompileExec1601677230.dir/build.make CMakeFiles/cmTryCompileExec1601677230.dir/build
gmake[1]: Entering directory `/home/vshakib/LYDG/build/CMakeFiles/CMakeTmp'
/share/apps/cmake/2.8.12.2/bin/cmake -E cmake_progress_report /home/vshakib/LYDG/build/CMakeFiles/CMakeTmp/CMakeFiles 1
Building C object CMakeFiles/cmTryCompileExec1601677230.dir/CheckFunctionExists.c.o
/usr/bin/cc   -DCHECK_FUNCTION_EXISTS=IceConnectionNumber   -o CMakeFiles/cmTryCompileExec1601677230.dir/CheckFunctionExists.c.o   -c /share/apps/cmake/2.8.12.2/share/cmake-2.8/Modules/CheckFunctionExists.c
Linking C executable cmTryCompileExec1601677230
/share/apps/cmake/2.8.12.2/bin/cmake -E cmake_link_script CMakeFiles/cmTryCompileExec1601677230.dir/link.txt --verbose=1
/usr/bin/cc   -DCHECK_FUNCTION_EXISTS=IceConnectionNumber    CMakeFiles/cmTryCompileExec1601677230.dir/CheckFunctionExists.c.o  -o cmTryCompileExec1601677230 -rdynamic -lICE 
gmake[1]: Leaving directory `/home/vshakib/LYDG/build/CMakeFiles/CMakeTmp'


Determining if the Fortran sgemm exists passed with the following output:
Change Dir: /home/vshakib/LYDG/build/CMakeFiles/CMakeTmp

Run Build Command:/usr/bin/gmake "cmTryCompileExec3742826443/fast"
/usr/bin/gmake -f CMakeFiles/cmTryCompileExec3742826443.dir/build.make CMakeFiles/cmTryCompileExec3742826443.dir/build
gmake[1]: Entering directory `/home/vshakib/LYDG/build/CMakeFiles/CMakeTmp'
/share/apps/cmake/2.8.12.2/bin/cmake -E cmake_progress_report /home/vshakib/LYDG/build/CMakeFiles/CMakeTmp/CMakeFiles 1
Building Fortran object CMakeFiles/cmTryCompileExec3742826443.dir/testFortranCompiler.f.o
/usr/bin/gfortran    -c /home/vshakib/LYDG/build/CMakeFiles/CMakeTmp/testFortranCompiler.f -o CMakeFiles/cmTryCompileExec3742826443.dir/testFortranCompiler.f.o
Linking Fortran executable cmTryCompileExec3742826443
/share/apps/cmake/2.8.12.2/bin/cmake -E cmake_link_script CMakeFiles/cmTryCompileExec3742826443.dir/link.txt --verbose=1
/usr/bin/gfortran       CMakeFiles/cmTryCompileExec3742826443.dir/testFortranCompiler.f.o  -o cmTryCompileExec3742826443 -rdynamic /usr/lib64/libblas.so 
gmake[1]: Leaving directory `/home/vshakib/LYDG/build/CMakeFiles/CMakeTmp'


Determining if files pthread.h exist passed with the following output:
Change Dir: /home/vshakib/LYDG/build/CMakeFiles/CMakeTmp

Run Build Command:/usr/bin/gmake "cmTryCompileExec2905989429/fast"
/usr/bin/gmake -f CMakeFiles/cmTryCompileExec2905989429.dir/build.make CMakeFiles/cmTryCompileExec2905989429.dir/build
gmake[1]: Entering directory `/home/vshakib/LYDG/build/CMakeFiles/CMakeTmp'
/share/apps/cmake/2.8.12.2/bin/cmake -E cmake_progress_report /home/vshakib/LYDG/build/CMakeFiles/CMakeTmp/CMakeFiles 1
Building C object CMakeFiles/cmTryCompileExec2905989429.dir/CheckIncludeFiles.c.o
/usr/bin/cc    -o CMakeFiles/cmTryCompileExec2905989429.dir/CheckIncludeFiles.c.o   -c /home/vshakib/LYDG/build/CMakeFiles/CMakeTmp/CheckIncludeFiles.c
Linking C executable cmTryCompileExec2905989429
/share/apps/cmake/2.8.12.2/bin/cmake -E cmake_link_script CMakeFiles/cmTryCompileExec2905989429.dir/link.txt --verbose=1
/usr/bin/cc       CMakeFiles/cmTryCompileExec2905989429.dir/CheckIncludeFiles.c.o  -o cmTryCompileExec2905989429 -rdynamic 
gmake[1]: Leaving directory `/home/vshakib/LYDG/build/CMakeFiles/CMakeTmp'


Determining if the function pthread_create exists in the pthread passed with the following output:
Change Dir: /home/vshakib/LYDG/build/CMakeFiles/CMakeTmp

Run Build Command:/usr/bin/gmake "cmTryCompileExec2384318992/fast"
/usr/bin/gmake -f CMakeFiles/cmTryCompileExec2384318992.dir/build.make CMakeFiles/cmTryCompileExec2384318992.dir/build
gmake[1]: Entering directory `/home/vshakib/LYDG/build/CMakeFiles/CMakeTmp'
/share/apps/cmake/2.8.12.2/bin/cmake -E cmake_progress_report /home/vshakib/LYDG/build/CMakeFiles/CMakeTmp/CMakeFiles 1
Building C object CMakeFiles/cmTryCompileExec2384318992.dir/CheckFunctionExists.c.o
/usr/bin/cc   -DCHECK_FUNCTION_EXISTS=pthread_create   -o CMakeFiles/cmTryCompileExec2384318992.dir/CheckFunctionExists.c.o   -c /share/apps/cmake/2.8.12.2/share/cmake-2.8/Modules/CheckFunctionExists.c
Linking C executable cmTryCompileExec2384318992
/share/apps/cmake/2.8.12.2/bin/cmake -E cmake_link_script CMakeFiles/cmTryCompileExec2384318992.dir/link.txt --verbose=1
/usr/bin/cc   -DCHECK_FUNCTION_EXISTS=pthread_create    CMakeFiles/cmTryCompileExec2384318992.dir/CheckFunctionExists.c.o  -o cmTryCompileExec2384318992 -rdynamic -lpthread 
gmake[1]: Leaving directory `/home/vshakib/LYDG/build/CMakeFiles/CMakeTmp'


Determining if the Fortran cheev exists passed with the following output:
Change Dir: /home/vshakib/LYDG/build/CMakeFiles/CMakeTmp

Run Build Command:/usr/bin/gmake "cmTryCompileExec4169538854/fast"
/usr/bin/gmake -f CMakeFiles/cmTryCompileExec4169538854.dir/build.make CMakeFiles/cmTryCompileExec4169538854.dir/build
gmake[1]: Entering directory `/home/vshakib/LYDG/build/CMakeFiles/CMakeTmp'
/share/apps/cmake/2.8.12.2/bin/cmake -E cmake_progress_report /home/vshakib/LYDG/build/CMakeFiles/CMakeTmp/CMakeFiles 1
Building Fortran object CMakeFiles/cmTryCompileExec4169538854.dir/testFortranCompiler.f.o
/usr/bin/gfortran    -c /home/vshakib/LYDG/build/CMakeFiles/CMakeTmp/testFortranCompiler.f -o CMakeFiles/cmTryCompileExec4169538854.dir/testFortranCompiler.f.o
Linking Fortran executable cmTryCompileExec4169538854
/share/apps/cmake/2.8.12.2/bin/cmake -E cmake_link_script CMakeFiles/cmTryCompileExec4169538854.dir/link.txt --verbose=1
/usr/bin/gfortran       CMakeFiles/cmTryCompileExec4169538854.dir/testFortranCompiler.f.o  -o cmTryCompileExec4169538854 -rdynamic /usr/lib64/liblapack.so /usr/lib64/libblas.so 
gmake[1]: Leaving directory `/home/vshakib/LYDG/build/CMakeFiles/CMakeTmp'


